C51 COMPILER V8.02   __通信接收                                                          07/01/2010 17:07:36 PAGE 1   


C51 COMPILER V8.02, COMPILATION OF MODULE __通信接收
OBJECT MODULE PLACED IN 双机通信接收.OBJ
COMPILER INVOKED BY: d:\Keil\C51\BIN\C51.EXE 双机通信接收.C BROWSE DEBUG OBJECTEXTEND

line level    source

   1          #include <reg51.h>
   2          #define uchar unsigned char
   3          uchar a;
   4          void init()
   5          {
   6   1              SCON=0X50;
   7   1              TMOD=0X20;
   8   1              TH1=0XFD;
   9   1              TL1=0XFD;
  10   1              TR1=1;
  11   1      }
  12          void main()
  13          {
  14   1              init();
  15   1              P2=0Xdf;
  16   1              P0=0xff;
  17   1              while(1)
  18   1              {
  19   2                      a=SBUF;
  20   2                      P0=a;
  21   2                      while(RI==0);
  22   2                      RI=0;           
  23   2              }
  24   1      }


MODULE INFORMATION:   STATIC OVERLAYABLE
   CODE SIZE        =     37    ----
   CONSTANT SIZE    =   ----    ----
   XDATA SIZE       =   ----    ----
   PDATA SIZE       =   ----    ----
   DATA SIZE        =      1    ----
   IDATA SIZE       =   ----    ----
   BIT SIZE         =   ----    ----
END OF MODULE INFORMATION.


C51 COMPILATION COMPLETE.  0 WARNING(S),  0 ERROR(S)
